#
# There is insufficient memory for the Java Runtime Environment to continue.
# Native memory allocation (malloc) failed to allocate 1048576 bytes for AllocateHeap
# Possible reasons:
#   The system is out of physical RAM or swap space
#   In 32 bit mode, the process size limit was hit
# Possible solutions:
#   Reduce memory load on the system
#   Increase physical memory or swap space
#   Check if swap backing store is full
#   Use 64 bit Java on a 64 bit OS
#   Decrease Java heap size (-Xmx/-Xms)
#   Decrease number of Java threads
#   Decrease Java thread stack sizes (-Xss)
#   Set larger code cache with -XX:ReservedCodeCacheSize=
# This output file may be truncated or incomplete.
#
#  Out of Memory Error (memory/allocation.inline.hpp:61), pid=8620, tid=0x0000000000001368
#
# JRE version:  (8.0_112-b06) (build )
# Java VM: OpenJDK 64-Bit Server VM (25.112-b06 mixed mode windows-amd64 compressed oops)
# Failed to write core dump. Minidumps are not enabled by default on client versions of Windows
#

---------------  T H R E A D  ---------------

Current thread (0x00000000023b3000):  JavaThread "Unknown thread" [_thread_in_vm, id=4968, stack(0x0000000002210000,0x0000000002310000)]

Stack: [0x0000000002210000,0x0000000002310000]
[error occurred during error reporting (printing stack bounds), id 0xc0000005]

Native frames: (J=compiled Java code, j=interpreted, Vv=VM code, C=native code)


---------------  P R O C E S S  ---------------

Java Threads: ( => current thread )

Other Threads:

=>0x00000000023b3000 (exited) JavaThread "Unknown thread" [_thread_in_vm, id=4968, stack(0x0000000002210000,0x0000000002310000)]

VM state:not at safepoint (normal execution)

VM Mutex/Monitor currently owned by a thread: None

Heap:
 PSYoungGen      total 38400K, used 665K [0x00000000eab00000, 0x00000000ed580000, 0x0000000100000000)
  eden space 33280K, 2% used [0x00000000eab00000,0x00000000eaba6670,0x00000000ecb80000)
  from space 5120K, 0% used [0x00000000ed080000,0x00000000ed080000,0x00000000ed580000)
  to   space 5120K, 0% used [0x00000000ecb80000,0x00000000ecb80000,0x00000000ed080000)
 ParOldGen       total 87552K, used 0K [0x00000000c0000000, 0x00000000c5580000, 0x00000000eab00000)
  object space 87552K, 0% used [0x00000000c0000000,0x00000000c0000000,0x00000000c5580000)
 Metaspace       used 772K, capacity 4480K, committed 4480K, reserved 1056768K
  class space    used 73K, capacity 384K, committed 384K, reserved 1048576K

Card table byte_map: [0x0000000011870000,0x0000000011a80000] byte_map_base: 0x0000000011270000

Marking Bits: (ParMarkBitMap*) 0x0000000077f818f0
 Begin Bits: [0x0000000011fe0000, 0x0000000012fe0000)
 End Bits:   [0x0000000012fe0000, 0x0000000013fe0000)

Polling page: 0x0000000000a40000

CodeCache: size=245760Kb used=328Kb max_used=328Kb free=245431Kb
 bounds [0x00000000024b0000, 0x0000000002720000, 0x00000000114b0000]
 total_blobs=57 nmethods=0 adapters=38
 compilation: enabled

Compilation events (0 events):
No events

GC Heap History (0 events):
No events

Deoptimization events (0 events):
No events

Internal exceptions (0 events):
No events

Events (10 events):
Event: 0.062 loading class java/lang/Short
Event: 0.062 loading class java/lang/Short done
Event: 0.062 loading class java/lang/Integer
Event: 0.062 loading class java/lang/Integer done
Event: 0.062 loading class java/lang/Long
Event: 0.062 loading class java/lang/Long done
Event: 0.062 loading class java/lang/NullPointerException
Event: 0.062 loading class java/lang/NullPointerException done
Event: 0.062 loading class java/lang/ArithmeticException
Event: 0.062 loading class java/lang/ArithmeticException done


Dynamic libraries:
0x00007ff6fcec0000 - 0x00007ff6fcef1000 	C:\Program Files\Android\Android Studio\jre\bin\java.exe
0x00007ffffed20000 - 0x00007ffffeef1000 	C:\WINDOWS\SYSTEM32\ntdll.dll
0x00007ffffe3d0000 - 0x00007ffffe47b000 	C:\WINDOWS\System32\KERNEL32.DLL
0x00007ffffb330000 - 0x00007ffffb54d000 	C:\WINDOWS\System32\KERNELBASE.dll
0x00007ffffcb60000 - 0x00007ffffcc02000 	C:\WINDOWS\System32\ADVAPI32.dll
0x00007ffffcc70000 - 0x00007ffffcd0e000 	C:\WINDOWS\System32\msvcrt.dll
0x00007ffffcae0000 - 0x00007ffffcb39000 	C:\WINDOWS\System32\sechost.dll
0x00007ffffc600000 - 0x00007ffffc721000 	C:\WINDOWS\System32\RPCRT4.dll
0x00007ffffc970000 - 0x00007ffffcad5000 	C:\WINDOWS\System32\USER32.dll
0x00007ffffb2c0000 - 0x00007ffffb2de000 	C:\WINDOWS\System32\win32u.dll
0x00007ffffc440000 - 0x00007ffffc474000 	C:\WINDOWS\System32\GDI32.dll
0x00007ffffb8f0000 - 0x00007ffffba72000 	C:\WINDOWS\System32\gdi32full.dll
0x00007ffff0780000 - 0x00007ffff09f9000 	C:\WINDOWS\WinSxS\amd64_microsoft.windows.common-controls_6595b64144ccf1df_6.0.14393.447_none_42191651c6827bb3\COMCTL32.dll
0x00007ffffe480000 - 0x00007ffffe748000 	C:\WINDOWS\System32\combase.dll
0x00007ffffb550000 - 0x00007ffffb645000 	C:\WINDOWS\System32\ucrtbase.dll
0x00007ffffb820000 - 0x00007ffffb88a000 	C:\WINDOWS\System32\bcryptPrimitives.dll
0x00007ffffce70000 - 0x00007ffffce9e000 	C:\WINDOWS\System32\IMM32.DLL
0x0000000050330000 - 0x0000000050402000 	C:\Program Files\Android\Android Studio\jre\jre\bin\msvcr100.dll
0x00000000777c0000 - 0x0000000077ffc000 	C:\Program Files\Android\Android Studio\jre\jre\bin\server\jvm.dll
0x00007ffffe3c0000 - 0x00007ffffe3c8000 	C:\WINDOWS\System32\PSAPI.DLL
0x00007fffe2e90000 - 0x00007fffe2e99000 	C:\WINDOWS\SYSTEM32\WSOCK32.dll
0x00007ffffc480000 - 0x00007ffffc4ea000 	C:\WINDOWS\System32\WS2_32.dll
0x00007ffff96c0000 - 0x00007ffff96e3000 	C:\WINDOWS\SYSTEM32\WINMM.dll
0x00007fffeffc0000 - 0x00007fffeffca000 	C:\WINDOWS\SYSTEM32\VERSION.dll
0x00007ffff9660000 - 0x00007ffff968b000 	C:\WINDOWS\SYSTEM32\WINMMBASE.dll
0x00007ffffb2e0000 - 0x00007ffffb322000 	C:\WINDOWS\System32\cfgmgr32.dll
0x00007ffff8f30000 - 0x00007ffff8f3f000 	C:\Program Files\Android\Android Studio\jre\jre\bin\verify.dll
0x00007ffff3ee0000 - 0x00007ffff3f09000 	C:\Program Files\Android\Android Studio\jre\jre\bin\java.dll
0x00007ffff4780000 - 0x00007ffff4796000 	C:\Program Files\Android\Android Studio\jre\jre\bin\zip.dll

VM Arguments:
jvm_args: -Djava.awt.headless=true -Xmx1024M -Dfile.encoding=windows-1252 -Duser.country=US -Duser.language=en -Duser.variant 
java_command: com.android.dx.command.Main --dex --num-threads=4 --output C:\Users\Public\AndroidStudioProjects\SillyPoint\SillyPoint\build\intermediates\pre-dexed\debug\com.android.support-cardview-v7-23.3.0_e58013c780d058a67724996cf9b0957af9844ec1.jar C:\Users\Public\AndroidStudioProjects\SillyPoint\SillyPoint\build\intermediates\exploded-aar\com.android.support\cardview-v7\23.3.0\jars\classes.jar
java_class_path (initial): C:\Users\Public\build-tools\24.0.2\lib\dx.jar
Launcher Type: SUN_STANDARD

Environment Variables:
JAVA_HOME=C:\Program Files\Java\jdk1.8.0_60
PATH=C:\instantclient_11_2;C:\Program Files\Java\jdk1.8.0_60\bin;C:\Program Files\Microsoft SQL Server\Client SDK\ODBC\110\Tools\Binn\;C:\Program Files (x86)\Microsoft SQL Server\120\Tools\Binn\;C:\Program Files\Microsoft SQL Server\120\Tools\Binn\;C:\Program Files\Microsoft SQL Server\120\DTS\Binn\;C:\Program Files (x86)\Microsoft SQL Server\120\Tools\Binn\ManagementStudio\;C:\Program Files (x86)\Microsoft SQL Server\120\DTS\Binn\;C:\XTRAS\apache-maven-3.3.9\apache-maven\src\bin;C:\XTRAS\apache-maven-3.3.9\apache-maven\src\bin;C:\WINDOWS\system32;C:\WINDOWS;C:\WINDOWS\System32\Wbem;C:\WINDOWS\System32\WindowsPowerShell\v1.0\;C:\Program Files (x86)\Skype\Phone\;C:\Program Files\Git\cmd;C:\Go\bin;C:\Users\HP Pavilion 13\AppData\Local\Microsoft\WindowsApps;;C:\Program Files\Docker Toolbox
USERNAME=HP Pavilion 13
OS=Windows_NT
PROCESSOR_IDENTIFIER=Intel64 Family 6 Model 69 Stepping 1, GenuineIntel



---------------  S Y S T E M  ---------------

OS: Windows 10.0 , 64 bit Build 14393 (10.0.14393.0)

CPU:total 4 (2 cores per cpu, 2 threads per core) family 6 model 69 stepping 1, cmov, cx8, fxsr, mmx, sse, sse2, sse3, ssse3, sse4.1, sse4.2, popcnt, avx, avx2, aes, clmul, erms, lzcnt, ht, tsc, tscinvbit, bmi1, bmi2

Memory: 4k page, physical 8321324k(1784684k free), swap 10278188k(13776k free)

vm_info: OpenJDK 64-Bit Server VM (25.112-b06) for windows-amd64 JRE (1.8.0_112-release-b06), built on Dec  8 2016 00:54:26 by "builder" with MS VC++ 10.0 (VS2010)

time: Sat Mar 11 03:08:05 2017
elapsed time: 0 seconds (0d 0h 0m 0s)

