#
# There is insufficient memory for the Java Runtime Environment to continue.
# Native memory allocation (malloc) failed to allocate 756576 bytes for Chunk::new
# Possible reasons:
#   The system is out of physical RAM or swap space
#   In 32 bit mode, the process size limit was hit
# Possible solutions:
#   Reduce memory load on the system
#   Increase physical memory or swap space
#   Check if swap backing store is full
#   Use 64 bit Java on a 64 bit OS
#   Decrease Java heap size (-Xmx/-Xms)
#   Decrease number of Java threads
#   Decrease Java thread stack sizes (-Xss)
#   Set larger code cache with -XX:ReservedCodeCacheSize=
# This output file may be truncated or incomplete.
#
#  Out of Memory Error (allocation.cpp:390), pid=11116, tid=0x00000000000029e0
#
# JRE version: OpenJDK Runtime Environment (8.0_112-b06) (build 1.8.0_112-release-b06)
# Java VM: OpenJDK 64-Bit Server VM (25.112-b06 mixed mode windows-amd64 compressed oops)
# Failed to write core dump. Minidumps are not enabled by default on client versions of Windows
#

---------------  T H R E A D  ---------------

Current thread (0x000000001533a000):  JavaThread "C2 CompilerThread0" daemon [_thread_in_native, id=10720, stack(0x0000000016980000,0x0000000016a80000)]

Stack: [0x0000000016980000,0x0000000016a80000]
[error occurred during error reporting (printing stack bounds), id 0xc0000005]

Native frames: (J=compiled Java code, j=interpreted, Vv=VM code, C=native code)


Current CompileTask:
C2:   3009 1554   !   4       com.android.dx.cf.code.BytecodeArray::parseInstruction (2764 bytes)


---------------  P R O C E S S  ---------------

Java Threads: ( => current thread )
  0x0000000016f0d000 JavaThread "pool-1-thread-4" [_thread_in_Java, id=5532, stack(0x0000000017680000,0x0000000017780000)]
  0x0000000016f0c800 JavaThread "pool-1-thread-3" [_thread_in_Java, id=10324, stack(0x0000000017580000,0x0000000017680000)]
  0x0000000016f0b800 JavaThread "pool-1-thread-2" [_thread_in_Java, id=6140, stack(0x0000000017480000,0x0000000017580000)]
  0x0000000016eec000 JavaThread "pool-2-thread-1" [_thread_blocked, id=8664, stack(0x0000000017380000,0x0000000017480000)]
  0x0000000016f07000 JavaThread "pool-1-thread-1" [_thread_in_Java, id=8520, stack(0x0000000017280000,0x0000000017380000)]
  0x0000000016c99000 JavaThread "Service Thread" daemon [_thread_blocked, id=10912, stack(0x0000000017080000,0x0000000017180000)]
  0x000000001537d800 JavaThread "C1 CompilerThread2" daemon [_thread_blocked, id=8264, stack(0x0000000016b80000,0x0000000016c80000)]
  0x000000001534e000 JavaThread "C2 CompilerThread1" daemon [_thread_in_native, id=4636, stack(0x0000000016a80000,0x0000000016b80000)]
=>0x000000001533a000 JavaThread "C2 CompilerThread0" daemon [_thread_in_native, id=10720, stack(0x0000000016980000,0x0000000016a80000)]
  0x0000000015338800 JavaThread "Attach Listener" daemon [_thread_blocked, id=5572, stack(0x0000000016880000,0x0000000016980000)]
  0x0000000015335800 JavaThread "Signal Dispatcher" daemon [_thread_blocked, id=2492, stack(0x0000000016780000,0x0000000016880000)]
  0x0000000002c5c000 JavaThread "Finalizer" daemon [_thread_blocked, id=6820, stack(0x0000000016590000,0x0000000016690000)]
  0x0000000002c51800 JavaThread "Reference Handler" daemon [_thread_blocked, id=5304, stack(0x0000000016490000,0x0000000016590000)]
  0x0000000002b63000 JavaThread "main" [_thread_in_vm, id=1236, stack(0x0000000002a60000,0x0000000002b60000)]

Other Threads:
  0x00000000152f5800 VMThread [stack: 0x0000000016390000,0x0000000016490000] [id=6524]
  0x0000000016c9a000 WatcherThread [stack: 0x0000000017180000,0x0000000017280000] [id=10776]

VM state:not at safepoint (normal execution)

VM Mutex/Monitor currently owned by a thread: None

Heap:
 PSYoungGen      total 38400K, used 22186K [0x00000000eab00000, 0x00000000ed580000, 0x0000000100000000)
  eden space 33280K, 51% used [0x00000000eab00000,0x00000000ebbb0ee8,0x00000000ecb80000)
  from space 5120K, 99% used [0x00000000ed080000,0x00000000ed579c98,0x00000000ed580000)
  to   space 5120K, 0% used [0x00000000ecb80000,0x00000000ecb80000,0x00000000ed080000)
 ParOldGen       total 87552K, used 4466K [0x00000000c0000000, 0x00000000c5580000, 0x00000000eab00000)
  object space 87552K, 5% used [0x00000000c0000000,0x00000000c045c950,0x00000000c5580000)
 Metaspace       used 6204K, capacity 7088K, committed 7296K, reserved 1056768K
  class space    used 578K, capacity 616K, committed 640K, reserved 1048576K

Card table byte_map: [0x0000000012020000,0x0000000012230000] byte_map_base: 0x0000000011a20000

Marking Bits: (ParMarkBitMap*) 0x0000000077f818f0
 Begin Bits: [0x0000000012790000, 0x0000000013790000)
 End Bits:   [0x0000000013790000, 0x0000000014790000)

Polling page: 0x0000000000e90000

CodeCache: size=245760Kb used=6539Kb max_used=6539Kb free=239220Kb
 bounds [0x0000000002c60000, 0x00000000032d0000, 0x0000000011c60000]
 total_blobs=1920 nmethods=1651 adapters=182
 compilation: enabled

Compilation events (10 events):
Event: 2.983 Thread 0x000000001537d800 1657       2       com.android.dx.cf.code.ExecutionStack::clear (40 bytes)
Event: 2.984 Thread 0x000000001537d800 nmethod 1657 0x00000000032c1f90 code [0x00000000032c2120, 0x00000000032c2408]
Event: 2.984 Thread 0x000000001537d800 1658       2       com.android.dx.cf.code.Ropper$CatchInfo::getSetup (53 bytes)
Event: 2.985 Thread 0x000000001537d800 nmethod 1658 0x00000000032c2650 code [0x00000000032c27e0, 0x00000000032c2b48]
Event: 2.985 Thread 0x000000001537d800 1659       1       com.android.dx.rop.cst.CstKnownNull::getType (4 bytes)
Event: 2.985 Thread 0x000000001537d800 nmethod 1659 0x00000000032c2d90 code [0x00000000032c2ee0, 0x00000000032c2ff0]
Event: 2.995 Thread 0x000000001537d800 1661       2       com.android.dx.rop.annotation.Annotations::addAll (59 bytes)
Event: 2.996 Thread 0x000000001537d800 nmethod 1661 0x00000000032c3050 code [0x00000000032c3220, 0x00000000032c36d8]
Event: 2.997 Thread 0x000000001537d800 1662       2       com.android.dx.cf.attrib.RawAttribute::byteLength (11 bytes)
Event: 2.998 Thread 0x000000001537d800 nmethod 1662 0x00000000032c3a10 code [0x00000000032c3b60, 0x00000000032c3cb0]

GC Heap History (4 events):
Event: 2.238 GC heap before
{Heap before GC invocations=1 (full 0):
 PSYoungGen      total 38400K, used 33280K [0x00000000eab00000, 0x00000000ed580000, 0x0000000100000000)
  eden space 33280K, 100% used [0x00000000eab00000,0x00000000ecb80000,0x00000000ecb80000)
  from space 5120K, 0% used [0x00000000ed080000,0x00000000ed080000,0x00000000ed580000)
  to   space 5120K, 0% used [0x00000000ecb80000,0x00000000ecb80000,0x00000000ed080000)
 ParOldGen       total 87552K, used 0K [0x00000000c0000000, 0x00000000c5580000, 0x00000000eab00000)
  object space 87552K, 0% used [0x00000000c0000000,0x00000000c0000000,0x00000000c5580000)
 Metaspace       used 5909K, capacity 6896K, committed 7040K, reserved 1056768K
  class space    used 572K, capacity 616K, committed 640K, reserved 1048576K
Event: 2.249 GC heap after
Heap after GC invocations=1 (full 0):
 PSYoungGen      total 38400K, used 5089K [0x00000000eab00000, 0x00000000ed580000, 0x0000000100000000)
  eden space 33280K, 0% used [0x00000000eab00000,0x00000000eab00000,0x00000000ecb80000)
  from space 5120K, 99% used [0x00000000ecb80000,0x00000000ed078460,0x00000000ed080000)
  to   space 5120K, 0% used [0x00000000ed080000,0x00000000ed080000,0x00000000ed580000)
 ParOldGen       total 87552K, used 755K [0x00000000c0000000, 0x00000000c5580000, 0x00000000eab00000)
  object space 87552K, 0% used [0x00000000c0000000,0x00000000c00bce70,0x00000000c5580000)
 Metaspace       used 5909K, capacity 6896K, committed 7040K, reserved 1056768K
  class space    used 572K, capacity 616K, committed 640K, reserved 1048576K
}
Event: 2.830 GC heap before
{Heap before GC invocations=2 (full 0):
 PSYoungGen      total 38400K, used 38369K [0x00000000eab00000, 0x00000000ed580000, 0x0000000100000000)
  eden space 33280K, 100% used [0x00000000eab00000,0x00000000ecb80000,0x00000000ecb80000)
  from space 5120K, 99% used [0x00000000ecb80000,0x00000000ed078460,0x00000000ed080000)
  to   space 5120K, 0% used [0x00000000ed080000,0x00000000ed080000,0x00000000ed580000)
 ParOldGen       total 87552K, used 755K [0x00000000c0000000, 0x00000000c5580000, 0x00000000eab00000)
  object space 87552K, 0% used [0x00000000c0000000,0x00000000c00bce70,0x00000000c5580000)
 Metaspace       used 6168K, capacity 7088K, committed 7296K, reserved 1056768K
  class space    used 578K, capacity 616K, committed 640K, reserved 1048576K
Event: 2.848 GC heap after
Heap after GC invocations=2 (full 0):
 PSYoungGen      total 38400K, used 5095K [0x00000000eab00000, 0x00000000ed580000, 0x0000000100000000)
  eden space 33280K, 0% used [0x00000000eab00000,0x00000000eab00000,0x00000000ecb80000)
  from space 5120K, 99% used [0x00000000ed080000,0x00000000ed579c98,0x00000000ed580000)
  to   space 5120K, 0% used [0x00000000ecb80000,0x00000000ecb80000,0x00000000ed080000)
 ParOldGen       total 87552K, used 4466K [0x00000000c0000000, 0x00000000c5580000, 0x00000000eab00000)
  object space 87552K, 5% used [0x00000000c0000000,0x00000000c045c950,0x00000000c5580000)
 Metaspace       used 6168K, capacity 7088K, committed 7296K, reserved 1056768K
  class space    used 578K, capacity 616K, committed 640K, reserved 1048576K
}

Deoptimization events (7 events):
Event: 0.722 Thread 0x0000000002b63000 Uncommon trap: reason=unstable_if action=reinterpret pc=0x0000000002db65d4 method=java.lang.String.compareTo(Ljava/lang/String;)I @ 38
Event: 0.989 Thread 0x0000000002b63000 Uncommon trap: reason=unstable_if action=reinterpret pc=0x0000000002db9a1c method=java.lang.String.indexOf(II)I @ 49
Event: 1.677 Thread 0x0000000016f0c800 Uncommon trap: reason=unstable_if action=reinterpret pc=0x0000000002e812f0 method=java.util.BitSet.nextSetBit(I)I @ 87
Event: 1.699 Thread 0x0000000016f0b800 Uncommon trap: reason=unstable_if action=reinterpret pc=0x0000000002e8325c method=com.android.dx.rop.code.RegisterSpec.equals(ILcom/android/dx/rop/type/TypeBearer;Lcom/android/dx/rop/code/LocalItem;)Z @ 16
Event: 1.989 Thread 0x0000000016f0d000 Uncommon trap: reason=unstable_if action=reinterpret pc=0x0000000002fb48bc method=com.android.dx.rop.code.LocalItem.hashCode()I @ 25
Event: 1.990 Thread 0x0000000016f0d000 Uncommon trap: reason=unstable_if action=reinterpret pc=0x0000000002fb2ccc method=com.android.dx.rop.code.LocalItem.hashCode()I @ 25
Event: 2.961 Thread 0x0000000002b63000 Uncommon trap: reason=unstable_if action=reinterpret pc=0x0000000003001f04 method=com.android.dx.rop.code.RegisterSpecSet.<init>(I)V @ 2

Internal exceptions (2 events):
Event: 0.045 Thread 0x0000000002b63000 Exception <a 'java/lang/NoSuchMethodError': Method sun.misc.Unsafe.defineClass(Ljava/lang/String;[BII)Ljava/lang/Class; name or signature does not match> (0x00000000eab07c78) thrown at [C:\src\android\AOSP-openjdk\external\jetbrains\jdk\hotspot\src\share\vßzä{Ì>§?
Event: 0.045 Thread 0x0000000002b63000 Exception <a 'java/lang/NoSuchMethodError': Method sun.misc.Unsafe.prefetchRead(Ljava/lang/Object;J)V name or signature does not match> (0x00000000eab07f60) thrown at [C:\src\android\AOSP-openjdk\external\jetbrains\jdk\hotspot\src\share\vm\prims\jni.cpp, l

Events (10 events):
Event: 2.531 loading class com/android/dx/cf/attrib/BaseAnnotations done
Event: 2.652 loading class com/android/dx/cf/code/SwitchList
Event: 2.652 loading class com/android/dx/cf/code/SwitchList done
Event: 2.658 Thread 0x0000000016f0c800 DEOPT PACKING pc=0x0000000002f37a49 sp=0x000000001767e430
Event: 2.658 Thread 0x0000000016f0c800 DEOPT UNPACKING pc=0x0000000002ca75bf sp=0x000000001767e1f8 mode 0
Event: 2.825 Executing VM operation: ParallelGCFailedAllocation
Event: 2.848 Executing VM operation: ParallelGCFailedAllocation done
Event: 2.961 Thread 0x0000000002b63000 Uncommon trap: trap_request=0xffffff65 fr.pc=0x0000000003001f04
Event: 2.961 Thread 0x0000000002b63000 DEOPT PACKING pc=0x0000000003001f04 sp=0x0000000002b5e170
Event: 2.961 Thread 0x0000000002b63000 DEOPT UNPACKING pc=0x0000000002ca556a sp=0x0000000002b5e0a0 mode 2


Dynamic libraries:
0x00007ff6fcec0000 - 0x00007ff6fcef1000 	C:\Program Files\Android\Android Studio\jre\bin\java.exe
0x00007ffffed20000 - 0x00007ffffeef1000 	C:\WINDOWS\SYSTEM32\ntdll.dll
0x00007ffffe3d0000 - 0x00007ffffe47b000 	C:\WINDOWS\System32\KERNEL32.DLL
0x00007ffffb330000 - 0x00007ffffb54d000 	C:\WINDOWS\System32\KERNELBASE.dll
0x00007ffffcb60000 - 0x00007ffffcc02000 	C:\WINDOWS\System32\ADVAPI32.dll
0x00007ffffcc70000 - 0x00007ffffcd0e000 	C:\WINDOWS\System32\msvcrt.dll
0x00007ffffcae0000 - 0x00007ffffcb39000 	C:\WINDOWS\System32\sechost.dll
0x00007ffffc600000 - 0x00007ffffc721000 	C:\WINDOWS\System32\RPCRT4.dll
0x00007ffffc970000 - 0x00007ffffcad5000 	C:\WINDOWS\System32\USER32.dll
0x00007ffffb2c0000 - 0x00007ffffb2de000 	C:\WINDOWS\System32\win32u.dll
0x00007ffffc440000 - 0x00007ffffc474000 	C:\WINDOWS\System32\GDI32.dll
0x00007ffffb8f0000 - 0x00007ffffba72000 	C:\WINDOWS\System32\gdi32full.dll
0x00007ffff0780000 - 0x00007ffff09f9000 	C:\WINDOWS\WinSxS\amd64_microsoft.windows.common-controls_6595b64144ccf1df_6.0.14393.447_none_42191651c6827bb3\COMCTL32.dll
0x00007ffffe480000 - 0x00007ffffe748000 	C:\WINDOWS\System32\combase.dll
0x00007ffffb550000 - 0x00007ffffb645000 	C:\WINDOWS\System32\ucrtbase.dll
0x00007ffffb820000 - 0x00007ffffb88a000 	C:\WINDOWS\System32\bcryptPrimitives.dll
0x00007ffffce70000 - 0x00007ffffce9e000 	C:\WINDOWS\System32\IMM32.DLL
0x0000000050330000 - 0x0000000050402000 	C:\Program Files\Android\Android Studio\jre\jre\bin\msvcr100.dll
0x00000000777c0000 - 0x0000000077ffc000 	C:\Program Files\Android\Android Studio\jre\jre\bin\server\jvm.dll
0x00007ffffe3c0000 - 0x00007ffffe3c8000 	C:\WINDOWS\System32\PSAPI.DLL
0x00007fffe2e90000 - 0x00007fffe2e99000 	C:\WINDOWS\SYSTEM32\WSOCK32.dll
0x00007ffffc480000 - 0x00007ffffc4ea000 	C:\WINDOWS\System32\WS2_32.dll
0x00007ffff96c0000 - 0x00007ffff96e3000 	C:\WINDOWS\SYSTEM32\WINMM.dll
0x00007fffeffc0000 - 0x00007fffeffca000 	C:\WINDOWS\SYSTEM32\VERSION.dll
0x00007ffff9660000 - 0x00007ffff968b000 	C:\WINDOWS\SYSTEM32\WINMMBASE.dll
0x00007ffffb2e0000 - 0x00007ffffb322000 	C:\WINDOWS\System32\cfgmgr32.dll
0x00007ffff8f30000 - 0x00007ffff8f3f000 	C:\Program Files\Android\Android Studio\jre\jre\bin\verify.dll
0x00007ffff3ee0000 - 0x00007ffff3f09000 	C:\Program Files\Android\Android Studio\jre\jre\bin\java.dll
0x00007ffff4780000 - 0x00007ffff4796000 	C:\Program Files\Android\Android Studio\jre\jre\bin\zip.dll
0x00007ffffceb0000 - 0x00007ffffe3b9000 	C:\WINDOWS\System32\SHELL32.dll
0x00007ffffbb20000 - 0x00007ffffc1fa000 	C:\WINDOWS\System32\windows.storage.dll
0x00007ffffb1b0000 - 0x00007ffffb1fc000 	C:\WINDOWS\System32\powrprof.dll
0x00007ffffecc0000 - 0x00007ffffed12000 	C:\WINDOWS\System32\shlwapi.dll
0x00007ffffb1a0000 - 0x00007ffffb1af000 	C:\WINDOWS\System32\kernel.appcore.dll
0x00007ffffb210000 - 0x00007ffffb2b9000 	C:\WINDOWS\System32\shcore.dll
0x00007ffffb180000 - 0x00007ffffb194000 	C:\WINDOWS\System32\profapi.dll

VM Arguments:
jvm_args: -Djava.awt.headless=true -Xmx1024M -Dfile.encoding=windows-1252 -Duser.country=US -Duser.language=en -Duser.variant 
java_command: com.android.dx.command.Main --dex --num-threads=4 --output C:\Users\Public\AndroidStudioProjects\SillyPoint\SillyPoint\build\intermediates\pre-dexed\debug\internal_impl-23.4.0_4da05b0a7e56aec412c40f7f8fad9c414ac71e23.jar C:\Users\Public\AndroidStudioProjects\SillyPoint\SillyPoint\build\intermediates\exploded-aar\com.android.support\support-v4\23.4.0\jars\libs\internal_impl-23.4.0.jar
java_class_path (initial): C:\Users\Public\build-tools\24.0.2\lib\dx.jar
Launcher Type: SUN_STANDARD

Environment Variables:
JAVA_HOME=C:\Program Files\Java\jdk1.8.0_60
PATH=C:\instantclient_11_2;C:\Program Files\Java\jdk1.8.0_60\bin;C:\Program Files\Microsoft SQL Server\Client SDK\ODBC\110\Tools\Binn\;C:\Program Files (x86)\Microsoft SQL Server\120\Tools\Binn\;C:\Program Files\Microsoft SQL Server\120\Tools\Binn\;C:\Program Files\Microsoft SQL Server\120\DTS\Binn\;C:\Program Files (x86)\Microsoft SQL Server\120\Tools\Binn\ManagementStudio\;C:\Program Files (x86)\Microsoft SQL Server\120\DTS\Binn\;C:\XTRAS\apache-maven-3.3.9\apache-maven\src\bin;C:\XTRAS\apache-maven-3.3.9\apache-maven\src\bin;C:\WINDOWS\system32;C:\WINDOWS;C:\WINDOWS\System32\Wbem;C:\WINDOWS\System32\WindowsPowerShell\v1.0\;C:\Program Files (x86)\Skype\Phone\;C:\Program Files\Git\cmd;C:\Go\bin;C:\Users\HP Pavilion 13\AppData\Local\Microsoft\WindowsApps;;C:\Program Files\Docker Toolbox
USERNAME=HP Pavilion 13
OS=Windows_NT
PROCESSOR_IDENTIFIER=Intel64 Family 6 Model 69 Stepping 1, GenuineIntel



---------------  S Y S T E M  ---------------

OS: Windows 10.0 , 64 bit Build 14393 (10.0.14393.0)

CPU:total 4 (2 cores per cpu, 2 threads per core) family 6 model 69 stepping 1, cmov, cx8, fxsr, mmx, sse, sse2, sse3, ssse3, sse4.1, sse4.2, popcnt, avx, avx2, aes, clmul, erms, lzcnt, ht, tsc, tscinvbit, bmi1, bmi2

Memory: 4k page, physical 8321324k(1724192k free), swap 10278188k(4368k free)

vm_info: OpenJDK 64-Bit Server VM (25.112-b06) for windows-amd64 JRE (1.8.0_112-release-b06), built on Dec  8 2016 00:54:26 by "builder" with MS VC++ 10.0 (VS2010)

time: Sat Mar 11 03:05:52 2017
elapsed time: 3 seconds (0d 0h 0m 3s)

