#
# There is insufficient memory for the Java Runtime Environment to continue.
# Native memory allocation (malloc) failed to allocate 32744 bytes for ChunkPool::allocate
# Possible reasons:
#   The system is out of physical RAM or swap space
#   In 32 bit mode, the process size limit was hit
# Possible solutions:
#   Reduce memory load on the system
#   Increase physical memory or swap space
#   Check if swap backing store is full
#   Use 64 bit Java on a 64 bit OS
#   Decrease Java heap size (-Xmx/-Xms)
#   Decrease number of Java threads
#   Decrease Java thread stack sizes (-Xss)
#   Set larger code cache with -XX:ReservedCodeCacheSize=
# This output file may be truncated or incomplete.
#
#  Out of Memory Error (allocation.cpp:273), pid=3160, tid=0x0000000000002350
#
# JRE version: OpenJDK Runtime Environment (8.0_112-b06) (build 1.8.0_112-release-b06)
# Java VM: OpenJDK 64-Bit Server VM (25.112-b06 mixed mode windows-amd64 compressed oops)
# Failed to write core dump. Minidumps are not enabled by default on client versions of Windows
#

---------------  T H R E A D  ---------------

Current thread (0x000000001548c800):  JavaThread "C1 CompilerThread2" daemon [_thread_in_native, id=9040, stack(0x0000000016ce0000,0x0000000016de0000)]

Stack: [0x0000000016ce0000,0x0000000016de0000]
[error occurred during error reporting (printing stack bounds), id 0xc0000005]

Native frames: (J=compiled Java code, j=interpreted, Vv=VM code, C=native code)


Current CompileTask:
C1:    326   83       3       sun.nio.cs.UTF_8$Decoder::decode (779 bytes)


---------------  P R O C E S S  ---------------

Java Threads: ( => current thread )
  0x0000000016dfb800 JavaThread "Service Thread" daemon [_thread_blocked, id=8400, stack(0x00000000171e0000,0x00000000172e0000)]
=>0x000000001548c800 JavaThread "C1 CompilerThread2" daemon [_thread_in_native, id=9040, stack(0x0000000016ce0000,0x0000000016de0000)]
  0x0000000015489000 JavaThread "C2 CompilerThread1" daemon [_thread_blocked, id=5328, stack(0x0000000016be0000,0x0000000016ce0000)]
  0x0000000015499000 JavaThread "C2 CompilerThread0" daemon [_thread_blocked, id=1036, stack(0x0000000016ae0000,0x0000000016be0000)]
  0x0000000015497800 JavaThread "Attach Listener" daemon [_thread_blocked, id=9076, stack(0x00000000169e0000,0x0000000016ae0000)]
  0x0000000015494800 JavaThread "Signal Dispatcher" daemon [_thread_blocked, id=9748, stack(0x00000000168e0000,0x00000000169e0000)]
  0x0000000002dbb800 JavaThread "Finalizer" daemon [_thread_blocked, id=10992, stack(0x00000000166f0000,0x00000000167f0000)]
  0x0000000002db0800 JavaThread "Reference Handler" daemon [_thread_blocked, id=7224, stack(0x00000000165f0000,0x00000000166f0000)]
  0x0000000002cc3000 JavaThread "main" [_thread_in_vm, id=4660, stack(0x0000000002b20000,0x0000000002c20000)]

Other Threads:
  0x0000000015455800 VMThread [stack: 0x00000000164f0000,0x00000000165f0000] [id=1644]
  0x0000000016dfc000 WatcherThread [stack: 0x00000000172e0000,0x00000000173e0000] [id=10696]

VM state:not at safepoint (normal execution)

VM Mutex/Monitor currently owned by a thread:  ([mutex/lock_event])
[0x0000000002cbc1d0] AdapterHandlerLibrary_lock - owner thread: 0x0000000002cc3000

Heap:
 PSYoungGen      total 38400K, used 2679K [0x00000000eab00000, 0x00000000ed580000, 0x0000000100000000)
  eden space 33280K, 8% used [0x00000000eab00000,0x00000000ead9ddd8,0x00000000ecb80000)
  from space 5120K, 0% used [0x00000000ed080000,0x00000000ed080000,0x00000000ed580000)
  to   space 5120K, 0% used [0x00000000ecb80000,0x00000000ecb80000,0x00000000ed080000)
 ParOldGen       total 87552K, used 0K [0x00000000c0000000, 0x00000000c5580000, 0x00000000eab00000)
  object space 87552K, 0% used [0x00000000c0000000,0x00000000c0000000,0x00000000c5580000)
 Metaspace       used 3198K, capacity 4720K, committed 4864K, reserved 1056768K
  class space    used 342K, capacity 424K, committed 512K, reserved 1048576K

Card table byte_map: [0x0000000012180000,0x0000000012390000] byte_map_base: 0x0000000011b80000

Marking Bits: (ParMarkBitMap*) 0x0000000077f818f0
 Begin Bits: [0x00000000128f0000, 0x00000000138f0000)
 End Bits:   [0x00000000138f0000, 0x00000000148f0000)

Polling page: 0x0000000000ea0000

CodeCache: size=245760Kb used=1213Kb max_used=1213Kb free=244546Kb
 bounds [0x0000000002dc0000, 0x0000000003030000, 0x0000000011dc0000]
 total_blobs=323 nmethods=84 adapters=153
 compilation: enabled

Compilation events (10 events):
Event: 0.255 Thread 0x000000001548c800 nmethod 75 0x0000000002eed690 code [0x0000000002eed800, 0x0000000002eeda50]
Event: 0.317 Thread 0x000000001548c800   77       3       java.util.zip.ZipFile::access$400 (5 bytes)
Event: 0.317 Thread 0x000000001548c800 nmethod 77 0x0000000002eeded0 code [0x0000000002eee020, 0x0000000002eee150]
Event: 0.318 Thread 0x000000001548c800   79       1       java.util.zip.ZipFile::access$300 (5 bytes)
Event: 0.319 Thread 0x000000001548c800 nmethod 79 0x0000000002eee5d0 code [0x0000000002eee720, 0x0000000002eee810]
Event: 0.319 Thread 0x000000001548c800   80       3       java.util.zip.ZipFile::ensureOpen (37 bytes)
Event: 0.319 Thread 0x000000001548c800 nmethod 80 0x0000000002eee890 code [0x0000000002eeea20, 0x0000000002eeecf8]
Event: 0.319 Thread 0x000000001548c800   81       1       java.util.zip.ZipCoder::isUTF8 (5 bytes)
Event: 0.319 Thread 0x000000001548c800 nmethod 81 0x0000000002eeee10 code [0x0000000002eeef60, 0x0000000002eef070]
Event: 0.322 Thread 0x000000001548c800   83       3       sun.nio.cs.UTF_8$Decoder::decode (779 bytes)

GC Heap History (0 events):
No events

Deoptimization events (0 events):
No events

Internal exceptions (2 events):
Event: 0.048 Thread 0x0000000002cc3000 Exception <a 'java/lang/NoSuchMethodError': Method sun.misc.Unsafe.defineClass(Ljava/lang/String;[BII)Ljava/lang/Class; name or signature does not match> (0x00000000eab07c78) thrown at [C:\src\android\AOSP-openjdk\external\jetbrains\jdk\hotspot\src\share\v·ÀÔ≠¡®?
Event: 0.048 Thread 0x0000000002cc3000 Exception <a 'java/lang/NoSuchMethodError': Method sun.misc.Unsafe.prefetchRead(Ljava/lang/Object;J)V name or signature does not match> (0x00000000eab07f60) thrown at [C:\src\android\AOSP-openjdk\external\jetbrains\jdk\hotspot\src\share\vm\prims\jni.cpp, l

Events (10 events):
Event: 0.239 loading class java/util/concurrent/LinkedBlockingQueue$Node
Event: 0.239 loading class java/util/concurrent/LinkedBlockingQueue$Node done
Event: 0.239 loading class com/android/dx/cf/direct/ClassPathOpener
Event: 0.239 loading class com/android/dx/cf/direct/ClassPathOpener done
Event: 0.254 loading class com/android/dx/cf/direct/ClassPathOpener$1
Event: 0.254 loading class com/android/dx/cf/direct/ClassPathOpener$1 done
Event: 0.255 loading class com/android/dx/command/dexer/Main$FileBytesConsumer
Event: 0.255 loading class com/android/dx/command/dexer/Main$FileBytesConsumer done
Event: 0.315 loading class java/util/zip/ZipFile$ZipEntryIterator
Event: 0.315 loading class java/util/zip/ZipFile$ZipEntryIterator done


Dynamic libraries:
0x00007ff6fcec0000 - 0x00007ff6fcef1000 	C:\Program Files\Android\Android Studio\jre\bin\java.exe
0x00007ffffed20000 - 0x00007ffffeef1000 	C:\WINDOWS\SYSTEM32\ntdll.dll
0x00007ffffe3d0000 - 0x00007ffffe47b000 	C:\WINDOWS\System32\KERNEL32.DLL
0x00007ffffb330000 - 0x00007ffffb54d000 	C:\WINDOWS\System32\KERNELBASE.dll
0x00007ffffcb60000 - 0x00007ffffcc02000 	C:\WINDOWS\System32\ADVAPI32.dll
0x00007ffffcc70000 - 0x00007ffffcd0e000 	C:\WINDOWS\System32\msvcrt.dll
0x00007ffffcae0000 - 0x00007ffffcb39000 	C:\WINDOWS\System32\sechost.dll
0x00007ffffc600000 - 0x00007ffffc721000 	C:\WINDOWS\System32\RPCRT4.dll
0x00007ffffc970000 - 0x00007ffffcad5000 	C:\WINDOWS\System32\USER32.dll
0x00007ffffb2c0000 - 0x00007ffffb2de000 	C:\WINDOWS\System32\win32u.dll
0x00007ffffc440000 - 0x00007ffffc474000 	C:\WINDOWS\System32\GDI32.dll
0x00007ffffb8f0000 - 0x00007ffffba72000 	C:\WINDOWS\System32\gdi32full.dll
0x00007ffff0780000 - 0x00007ffff09f9000 	C:\WINDOWS\WinSxS\amd64_microsoft.windows.common-controls_6595b64144ccf1df_6.0.14393.447_none_42191651c6827bb3\COMCTL32.dll
0x00007ffffe480000 - 0x00007ffffe748000 	C:\WINDOWS\System32\combase.dll
0x00007ffffb550000 - 0x00007ffffb645000 	C:\WINDOWS\System32\ucrtbase.dll
0x00007ffffb820000 - 0x00007ffffb88a000 	C:\WINDOWS\System32\bcryptPrimitives.dll
0x00007ffffce70000 - 0x00007ffffce9e000 	C:\WINDOWS\System32\IMM32.DLL
0x0000000050330000 - 0x0000000050402000 	C:\Program Files\Android\Android Studio\jre\jre\bin\msvcr100.dll
0x00000000777c0000 - 0x0000000077ffc000 	C:\Program Files\Android\Android Studio\jre\jre\bin\server\jvm.dll
0x00007ffffe3c0000 - 0x00007ffffe3c8000 	C:\WINDOWS\System32\PSAPI.DLL
0x00007fffe2e90000 - 0x00007fffe2e99000 	C:\WINDOWS\SYSTEM32\WSOCK32.dll
0x00007ffffc480000 - 0x00007ffffc4ea000 	C:\WINDOWS\System32\WS2_32.dll
0x00007fffeffc0000 - 0x00007fffeffca000 	C:\WINDOWS\SYSTEM32\VERSION.dll
0x00007ffff96c0000 - 0x00007ffff96e3000 	C:\WINDOWS\SYSTEM32\WINMM.dll
0x00007ffff9660000 - 0x00007ffff968b000 	C:\WINDOWS\SYSTEM32\WINMMBASE.dll
0x00007ffffb2e0000 - 0x00007ffffb322000 	C:\WINDOWS\System32\cfgmgr32.dll
0x00007ffff8f30000 - 0x00007ffff8f3f000 	C:\Program Files\Android\Android Studio\jre\jre\bin\verify.dll
0x00007ffff3ee0000 - 0x00007ffff3f09000 	C:\Program Files\Android\Android Studio\jre\jre\bin\java.dll
0x00007ffff4780000 - 0x00007ffff4796000 	C:\Program Files\Android\Android Studio\jre\jre\bin\zip.dll
0x00007ffffceb0000 - 0x00007ffffe3b9000 	C:\WINDOWS\System32\SHELL32.dll
0x00007ffffbb20000 - 0x00007ffffc1fa000 	C:\WINDOWS\System32\windows.storage.dll
0x00007ffffb1b0000 - 0x00007ffffb1fc000 	C:\WINDOWS\System32\powrprof.dll
0x00007ffffecc0000 - 0x00007ffffed12000 	C:\WINDOWS\System32\shlwapi.dll
0x00007ffffb1a0000 - 0x00007ffffb1af000 	C:\WINDOWS\System32\kernel.appcore.dll
0x00007ffffb210000 - 0x00007ffffb2b9000 	C:\WINDOWS\System32\shcore.dll
0x00007ffffb180000 - 0x00007ffffb194000 	C:\WINDOWS\System32\profapi.dll

VM Arguments:
jvm_args: -Djava.awt.headless=true -Xmx1024M -Dfile.encoding=windows-1252 -Duser.country=US -Duser.language=en -Duser.variant 
java_command: com.android.dx.command.Main --dex --num-threads=4 --output C:\Users\Public\AndroidStudioProjects\SillyPoint\SillyPoint\build\intermediates\pre-dexed\debug\internal_impl-23.4.0_4da05b0a7e56aec412c40f7f8fad9c414ac71e23.jar C:\Users\Public\AndroidStudioProjects\SillyPoint\SillyPoint\build\intermediates\exploded-aar\com.android.support\support-v4\23.4.0\jars\libs\internal_impl-23.4.0.jar
java_class_path (initial): C:\Users\Public\build-tools\24.0.2\lib\dx.jar
Launcher Type: SUN_STANDARD

Environment Variables:
JAVA_HOME=C:\Program Files\Java\jdk1.8.0_60
PATH=C:\instantclient_11_2;C:\Program Files\Java\jdk1.8.0_60\bin;C:\Program Files\Microsoft SQL Server\Client SDK\ODBC\110\Tools\Binn\;C:\Program Files (x86)\Microsoft SQL Server\120\Tools\Binn\;C:\Program Files\Microsoft SQL Server\120\Tools\Binn\;C:\Program Files\Microsoft SQL Server\120\DTS\Binn\;C:\Program Files (x86)\Microsoft SQL Server\120\Tools\Binn\ManagementStudio\;C:\Program Files (x86)\Microsoft SQL Server\120\DTS\Binn\;C:\XTRAS\apache-maven-3.3.9\apache-maven\src\bin;C:\XTRAS\apache-maven-3.3.9\apache-maven\src\bin;C:\WINDOWS\system32;C:\WINDOWS;C:\WINDOWS\System32\Wbem;C:\WINDOWS\System32\WindowsPowerShell\v1.0\;C:\Program Files (x86)\Skype\Phone\;C:\Program Files\Git\cmd;C:\Go\bin;C:\Users\HP Pavilion 13\AppData\Local\Microsoft\WindowsApps;;C:\Program Files\Docker Toolbox
USERNAME=HP Pavilion 13
OS=Windows_NT
PROCESSOR_IDENTIFIER=Intel64 Family 6 Model 69 Stepping 1, GenuineIntel



---------------  S Y S T E M  ---------------

OS: Windows 10.0 , 64 bit Build 14393 (10.0.14393.0)

CPU:total 4 (2 cores per cpu, 2 threads per core) family 6 model 69 stepping 1, cmov, cx8, fxsr, mmx, sse, sse2, sse3, ssse3, sse4.1, sse4.2, popcnt, avx, avx2, aes, clmul, erms, lzcnt, ht, tsc, tscinvbit, bmi1, bmi2

Memory: 4k page, physical 8321324k(1782724k free), swap 10278188k(4480k free)

vm_info: OpenJDK 64-Bit Server VM (25.112-b06) for windows-amd64 JRE (1.8.0_112-release-b06), built on Dec  8 2016 00:54:26 by "builder" with MS VC++ 10.0 (VS2010)

time: Sat Mar 11 03:08:04 2017
elapsed time: 0 seconds (0d 0h 0m 0s)

